<?xml version="1.0" encoding="UTF-8"?>
<!-- Generated by org.testng.reporters.JUnitReportReporter -->
<testsuite hostname="Aishwaryas-MacBook-Air.local" failures="0" tests="4" name="tests.POMBasedEndToEndOrderPlace" time="134.418" errors="0" timestamp="2024-07-14T22:16:38 IST" skipped="1">
  <testcase classname="tests.POMBasedEndToEndOrderPlace" name="checkProdInOrderPage" time="22.233"/>
  <system-out/>
  <testcase classname="tests.POMBasedEndToEndOrderPlace" name="placeOrder" time="43.301">
    <skipped/>
  </testcase> <!-- placeOrder -->
  <system-out/>
  <testcase classname="tests.POMBasedEndToEndOrderPlace" name="placeOrder" time="34.268"/>
  <system-out/>
  <testcase classname="tests.POMBasedEndToEndOrderPlace" name="placeOrder" time="34.616"/>
  <system-out/>
</testsuite> <!-- tests.POMBasedEndToEndOrderPlace -->
