<?xml version="1.0" encoding="UTF-8"?>
<!-- Generated by org.testng.reporters.JUnitReportReporter -->
<testsuite hostname="Aishwaryas-MacBook-Air.local" failures="0" tests="2" name="tests.ErrorValidationTest" time="48.231" errors="0" timestamp="2024-07-14T22:16:38 IST" skipped="0">
  <testcase classname="tests.ErrorValidationTest" name="loginErrorValidation" time="22.467"/>
  <system-out/>
  <testcase classname="tests.ErrorValidationTest" name="prodErrorValidation" time="25.764"/>
  <system-out/>
</testsuite> <!-- tests.ErrorValidationTest -->
